[15-Oct-2018 14:37:48 UTC] PHP Parse error:  syntax error, unexpected identifier (T_STRING) in phar:///usr/local/bin/wp/vendor/mustache/mustache/src/Mustache/Compiler.php on line 27
[15-Oct-2018 14:37:49 UTC] PHP Fatal error:  Uncaught Error: Class 'WP_CLI\SynopsisValidator' not found in phar:///usr/local/bin/wp/php/WP_CLI/Dispatcher/Subcommand.php:254
Stack trace:
#0 phar:///usr/local/bin/wp/php/WP_CLI/Dispatcher/Subcommand.php(386): WP_CLI\Dispatcher\Subcommand->validate_args(Array, Array, Array)
#1 phar:///usr/local/bin/wp/php/WP_CLI/Runner.php(323): WP_CLI\Dispatcher\Subcommand->invoke(Array, Array, Array)
#2 phar:///usr/local/bin/wp/php/WP_CLI/Runner.php(330): WP_CLI\Runner->run_command(Array, Array)
#3 phar:///usr/local/bin/wp/php/WP_CLI/Runner.php(985): WP_CLI\Runner->_run_command()
#4 phar:///usr/local/bin/wp/php/WP_CLI/Bootstrap/LaunchRunner.php(23): WP_CLI\Runner->start()
#5 phar:///usr/local/bin/wp/php/bootstrap.php(75): WP_CLI\Bootstrap\LaunchRunner->process(Object(WP_CLI\Bootstrap\BootstrapState))
#6 phar:///usr/local/bin/wp/php/wp-cli.php(23): WP_CLI\bootstrap()
#7 phar:///usr/local/bin/wp/php/boot-phar.php(8): include('phar:///usr/loc...')
#8 /usr/local/bin/wp(4): include('phar:///usr/loc...')
#9 {main}
  thrown in phar:///usr/local/bin/wp/php/WP_CLI/Dispatcher/Subcommand.php on line 254
[16-Oct-2018 11:45:54 UTC] PHP Warning:  Cannot modify header information - headers already sent by (output started at /app/public/wp-content/plugins/all-in-one-seo-pack/admin/aioseop_module_class.php:2459) in /app/public/wp-includes/option.php on line 919
[16-Oct-2018 11:45:54 UTC] PHP Stack trace:
[16-Oct-2018 11:45:54 UTC] PHP   1. {main}() /app/public/wp-admin/post.php:0
[16-Oct-2018 11:45:54 UTC] PHP   2. include() /app/public/wp-admin/post.php:174
[16-Oct-2018 11:45:54 UTC] PHP   3. require_once() /app/public/wp-admin/edit-form-advanced.php:483
[16-Oct-2018 11:45:54 UTC] PHP   4. wp_user_settings() /app/public/wp-admin/admin-header.php:63
[16-Oct-2018 11:45:54 UTC] PHP   5. setcookie() /app/public/wp-includes/option.php:919
[16-Oct-2018 11:45:54 UTC] PHP Warning:  Cannot modify header information - headers already sent by (output started at /app/public/wp-content/plugins/all-in-one-seo-pack/admin/aioseop_module_class.php:2459) in /app/public/wp-includes/option.php on line 920
[16-Oct-2018 11:45:54 UTC] PHP Stack trace:
[16-Oct-2018 11:45:54 UTC] PHP   1. {main}() /app/public/wp-admin/post.php:0
[16-Oct-2018 11:45:54 UTC] PHP   2. include() /app/public/wp-admin/post.php:174
[16-Oct-2018 11:45:54 UTC] PHP   3. require_once() /app/public/wp-admin/edit-form-advanced.php:483
[16-Oct-2018 11:45:54 UTC] PHP   4. wp_user_settings() /app/public/wp-admin/admin-header.php:63
[16-Oct-2018 11:45:54 UTC] PHP   5. setcookie() /app/public/wp-includes/option.php:920
[16-Oct-2018 11:46:11 UTC] PHP Warning:  Cannot modify header information - headers already sent by (output started at /app/public/wp-content/plugins/all-in-one-seo-pack/admin/aioseop_module_class.php:2459) in /app/public/wp-includes/option.php on line 919
[16-Oct-2018 11:46:11 UTC] PHP Stack trace:
[16-Oct-2018 11:46:11 UTC] PHP   1. {main}() /app/public/wp-admin/post.php:0
[16-Oct-2018 11:46:11 UTC] PHP   2. include() /app/public/wp-admin/post.php:174
[16-Oct-2018 11:46:11 UTC] PHP   3. require_once() /app/public/wp-admin/edit-form-advanced.php:483
[16-Oct-2018 11:46:11 UTC] PHP   4. wp_user_settings() /app/public/wp-admin/admin-header.php:63
[16-Oct-2018 11:46:11 UTC] PHP   5. setcookie() /app/public/wp-includes/option.php:919
[16-Oct-2018 11:46:11 UTC] PHP Warning:  Cannot modify header information - headers already sent by (output started at /app/public/wp-content/plugins/all-in-one-seo-pack/admin/aioseop_module_class.php:2459) in /app/public/wp-includes/option.php on line 920
[16-Oct-2018 11:46:11 UTC] PHP Stack trace:
[16-Oct-2018 11:46:11 UTC] PHP   1. {main}() /app/public/wp-admin/post.php:0
[16-Oct-2018 11:46:11 UTC] PHP   2. include() /app/public/wp-admin/post.php:174
[16-Oct-2018 11:46:11 UTC] PHP   3. require_once() /app/public/wp-admin/edit-form-advanced.php:483
[16-Oct-2018 11:46:11 UTC] PHP   4. wp_user_settings() /app/public/wp-admin/admin-header.php:63
[16-Oct-2018 11:46:11 UTC] PHP   5. setcookie() /app/public/wp-includes/option.php:920
[16-Oct-2018 11:46:59 UTC] PHP Warning:  Cannot modify header information - headers already sent by (output started at /app/public/wp-content/plugins/all-in-one-seo-pack/admin/aioseop_module_class.php:2459) in /app/public/wp-includes/option.php on line 919
[16-Oct-2018 11:46:59 UTC] PHP Stack trace:
[16-Oct-2018 11:46:59 UTC] PHP   1. {main}() /app/public/wp-admin/post.php:0
[16-Oct-2018 11:46:59 UTC] PHP   2. include() /app/public/wp-admin/post.php:174
[16-Oct-2018 11:46:59 UTC] PHP   3. require_once() /app/public/wp-admin/edit-form-advanced.php:483
[16-Oct-2018 11:46:59 UTC] PHP   4. wp_user_settings() /app/public/wp-admin/admin-header.php:63
[16-Oct-2018 11:46:59 UTC] PHP   5. setcookie() /app/public/wp-includes/option.php:919
[16-Oct-2018 11:46:59 UTC] PHP Warning:  Cannot modify header information - headers already sent by (output started at /app/public/wp-content/plugins/all-in-one-seo-pack/admin/aioseop_module_class.php:2459) in /app/public/wp-includes/option.php on line 920
[16-Oct-2018 11:46:59 UTC] PHP Stack trace:
[16-Oct-2018 11:46:59 UTC] PHP   1. {main}() /app/public/wp-admin/post.php:0
[16-Oct-2018 11:46:59 UTC] PHP   2. include() /app/public/wp-admin/post.php:174
[16-Oct-2018 11:46:59 UTC] PHP   3. require_once() /app/public/wp-admin/edit-form-advanced.php:483
[16-Oct-2018 11:46:59 UTC] PHP   4. wp_user_settings() /app/public/wp-admin/admin-header.php:63
[16-Oct-2018 11:46:59 UTC] PHP   5. setcookie() /app/public/wp-includes/option.php:920
[20-Oct-2018 03:44:45 UTC] PHP Fatal error:  Uncaught Error: Class 'ComposerAutoloaderInit65ea580ea04e6291c138dff30ebdf26d' not found in /app/public/wp-content/plugins/backwpup/vendor/autoload.php:7
Stack trace:
#0 /app/public/wp-content/plugins/backwpup/backwpup.php(528): require_once()
#1 /app/public/wp-content/plugins/backwpup/backwpup.php(68): BackWPup->set_autoloader()
#2 /app/public/wp-content/plugins/backwpup/backwpup.php(138): BackWPup->__construct()
#3 /app/public/wp-includes/class-wp-hook.php(286): BackWPup::get_instance('')
#4 /app/public/wp-includes/class-wp-hook.php(310): WP_Hook->apply_filters(NULL, Array)
#5 /app/public/wp-includes/plugin.php(453): WP_Hook->do_action(Array)
#6 /app/public/wp-settings.php(327): do_action('plugins_loaded')
#7 /app/public/wp-config.php(76): require_once('/app/public/wp-...')
#8 /app/public/wp-load.php(37): require_once('/app/public/wp-...')
#9 /app/public/wp-admin/admin-ajax.php(22): require_once('/app/public/wp-...')
#10 {main}
  thrown in /app/public/wp-content/plugins/backwpup/vendor/autoload.php on line 7
