
181015 14:37:37 [Warning] Using unique option prefix myisam-recover instead of myisam-recover-options is deprecated and will be removed in a future release. Please use the full name instead.
181015 14:37:37 [Note] Plugin 'FEDERATED' is disabled.
181015 14:37:37 InnoDB: The InnoDB memory heap is disabled
181015 14:37:37 InnoDB: Mutexes and rw_locks use GCC atomic builtins
181015 14:37:37 InnoDB: Compressed tables use zlib 1.2.8
181015 14:37:37 InnoDB: Using Linux native AIO
181015 14:37:37 InnoDB: Initializing buffer pool, size = 32.0M
181015 14:37:37 InnoDB: Completed initialization of buffer pool
181015 14:37:37 InnoDB: highest supported file format is Barracuda.
InnoDB: The log sequence number in ibdata files does not match
InnoDB: the log sequence number in the ib_logfiles!
181015 14:37:37  InnoDB: Database was not shut down normally!
InnoDB: Starting crash recovery.
InnoDB: Reading tablespace information from the .ibd files...
InnoDB: Restoring possible half-written data pages from the doublewrite
InnoDB: buffer...
181015 14:37:37  InnoDB: Waiting for the background threads to start
181015 14:37:38 InnoDB: 5.5.60 started; log sequence number 1595916
181015 14:37:38 [Note] Server hostname (bind-address): '0.0.0.0'; port: 3306
181015 14:37:38 [Note]   - '0.0.0.0' resolves to '0.0.0.0';
181015 14:37:38 [Note] Server socket created on IP: '0.0.0.0'.
181015 14:37:38 [ERROR] /usr/sbin/mysqld: Table './mysql/user' is marked as crashed and should be repaired
181015 14:37:38 [Warning] Checking table:   './mysql/user'
181015 14:37:38 [ERROR] 1 client is using or hasn't closed the table properly
181015 14:37:38 [Note] Event Scheduler: Loaded 0 events
181015 14:37:38 [Note] /usr/sbin/mysqld: ready for connections.
Version: '5.5.60-0+deb8u1'  socket: '/var/run/mysqld/mysqld.sock'  port: 3306  (Debian)
181016  3:25:23 [Warning] Using unique option prefix myisam-recover instead of myisam-recover-options is deprecated and will be removed in a future release. Please use the full name instead.
181016  3:25:23 [Note] Plugin 'FEDERATED' is disabled.
181016  3:25:23 InnoDB: The InnoDB memory heap is disabled
181016  3:25:23 InnoDB: Mutexes and rw_locks use GCC atomic builtins
181016  3:25:23 InnoDB: Compressed tables use zlib 1.2.8
181016  3:25:23 InnoDB: Using Linux native AIO
181016  3:25:23 InnoDB: Initializing buffer pool, size = 32.0M
181016  3:25:23 InnoDB: Completed initialization of buffer pool
181016  3:25:23 InnoDB: highest supported file format is Barracuda.
InnoDB: The log sequence number in ibdata files does not match
InnoDB: the log sequence number in the ib_logfiles!
181016  3:25:23  InnoDB: Database was not shut down normally!
InnoDB: Starting crash recovery.
InnoDB: Reading tablespace information from the .ibd files...
InnoDB: Restoring possible half-written data pages from the doublewrite
InnoDB: buffer...
181016  3:25:23  InnoDB: Waiting for the background threads to start
181016  3:25:24 InnoDB: 5.5.60 started; log sequence number 3988942
181016  3:25:24 [Note] Server hostname (bind-address): '0.0.0.0'; port: 3306
181016  3:25:24 [Note]   - '0.0.0.0' resolves to '0.0.0.0';
181016  3:25:24 [Note] Server socket created on IP: '0.0.0.0'.
181016  3:25:24 [ERROR] /usr/sbin/mysqld: Table './mysql/user' is marked as crashed and should be repaired
181016  3:25:24 [Warning] Checking table:   './mysql/user'
181016  3:25:24 [ERROR] 1 client is using or hasn't closed the table properly
181016  3:25:24 [Note] Event Scheduler: Loaded 0 events
181016  3:25:24 [Note] /usr/sbin/mysqld: ready for connections.
Version: '5.5.60-0+deb8u1'  socket: '/var/run/mysqld/mysqld.sock'  port: 3306  (Debian)
181017 15:57:24 [Warning] Using unique option prefix myisam-recover instead of myisam-recover-options is deprecated and will be removed in a future release. Please use the full name instead.
181017 15:57:24 [Note] Plugin 'FEDERATED' is disabled.
181017 15:57:24 InnoDB: The InnoDB memory heap is disabled
181017 15:57:24 InnoDB: Mutexes and rw_locks use GCC atomic builtins
181017 15:57:24 InnoDB: Compressed tables use zlib 1.2.8
181017 15:57:24 InnoDB: Using Linux native AIO
181017 15:57:24 InnoDB: Initializing buffer pool, size = 32.0M
181017 15:57:24 InnoDB: Completed initialization of buffer pool
181017 15:57:24 InnoDB: highest supported file format is Barracuda.
InnoDB: The log sequence number in ibdata files does not match
InnoDB: the log sequence number in the ib_logfiles!
181017 15:57:24  InnoDB: Database was not shut down normally!
InnoDB: Starting crash recovery.
InnoDB: Reading tablespace information from the .ibd files...
InnoDB: Restoring possible half-written data pages from the doublewrite
InnoDB: buffer...
181017 15:57:24  InnoDB: Waiting for the background threads to start
181017 15:57:25 InnoDB: 5.5.60 started; log sequence number 17140952
181017 15:57:25 [Note] Server hostname (bind-address): '0.0.0.0'; port: 3306
181017 15:57:25 [Note]   - '0.0.0.0' resolves to '0.0.0.0';
181017 15:57:25 [Note] Server socket created on IP: '0.0.0.0'.
181017 15:57:25 [Note] Event Scheduler: Loaded 0 events
181017 15:57:25 [Note] /usr/sbin/mysqld: ready for connections.
Version: '5.5.60-0+deb8u1'  socket: '/var/run/mysqld/mysqld.sock'  port: 3306  (Debian)
181020  3:12:41 [Warning] Using unique option prefix myisam-recover instead of myisam-recover-options is deprecated and will be removed in a future release. Please use the full name instead.
181020  3:12:41 [Note] Plugin 'FEDERATED' is disabled.
181020  3:12:41 InnoDB: The InnoDB memory heap is disabled
181020  3:12:41 InnoDB: Mutexes and rw_locks use GCC atomic builtins
181020  3:12:41 InnoDB: Compressed tables use zlib 1.2.8
181020  3:12:41 InnoDB: Using Linux native AIO
181020  3:12:41 InnoDB: Initializing buffer pool, size = 32.0M
181020  3:12:41 InnoDB: Completed initialization of buffer pool
181020  3:12:41 InnoDB: highest supported file format is Barracuda.
InnoDB: The log sequence number in ibdata files does not match
InnoDB: the log sequence number in the ib_logfiles!
181020  3:12:41  InnoDB: Database was not shut down normally!
InnoDB: Starting crash recovery.
InnoDB: Reading tablespace information from the .ibd files...
InnoDB: Restoring possible half-written data pages from the doublewrite
InnoDB: buffer...
181020  3:12:41  InnoDB: Waiting for the background threads to start
181020  3:12:42 InnoDB: 5.5.60 started; log sequence number 17781671
181020  3:12:42 [Note] Server hostname (bind-address): '0.0.0.0'; port: 3306
181020  3:12:42 [Note]   - '0.0.0.0' resolves to '0.0.0.0';
181020  3:12:42 [Note] Server socket created on IP: '0.0.0.0'.
181020  3:12:42 [Note] Event Scheduler: Loaded 0 events
181020  3:12:42 [Note] /usr/sbin/mysqld: ready for connections.
Version: '5.5.60-0+deb8u1'  socket: '/var/run/mysqld/mysqld.sock'  port: 3306  (Debian)
